<?xml version="1.0" encoding="UTF-8"?>
<testsuite xmlns:xsi="http://www.w3.org/2001/XMLSchema-instance" xsi:noNamespaceSchemaLocation="https://maven.apache.org/surefire/maven-surefire-plugin/xsd/surefire-test-report-3.0.xsd" version="3.0" name="com.example.AppTest" time="0.113" tests="1" errors="0" skipped="0" failures="0">
  <properties>
    <property name="awt.toolkit" value="sun.awt.X11.XToolkit"/>
    <property name="java.specification.version" value="11"/>
    <property name="sun.cpu.isalist" value=""/>
    <property name="sun.jnu.encoding" value="UTF-8"/>
    <property name="java.class.path" value="/home/mzcadm/s3-access-app/target/test-classes:/home/mzcadm/s3-access-app/target/classes:/home/mzcadm/.m2/repository/org/springframework/boot/spring-boot-starter/2.7.0/spring-boot-starter-2.7.0.jar:/home/mzcadm/.m2/repository/org/springframework/boot/spring-boot/2.7.0/spring-boot-2.7.0.jar:/home/mzcadm/.m2/repository/org/springframework/spring-context/5.3.20/spring-context-5.3.20.jar:/home/mzcadm/.m2/repository/org/springframework/spring-aop/5.3.20/spring-aop-5.3.20.jar:/home/mzcadm/.m2/repository/org/springframework/spring-beans/5.3.20/spring-beans-5.3.20.jar:/home/mzcadm/.m2/repository/org/springframework/spring-expression/5.3.20/spring-expression-5.3.20.jar:/home/mzcadm/.m2/repository/org/springframework/boot/spring-boot-starter-logging/2.7.0/spring-boot-starter-logging-2.7.0.jar:/home/mzcadm/.m2/repository/ch/qos/logback/logback-classic/1.2.11/logback-classic-1.2.11.jar:/home/mzcadm/.m2/repository/ch/qos/logback/logback-core/1.2.11/logback-core-1.2.11.jar:/home/mzcadm/.m2/repository/org/apache/logging/log4j/log4j-to-slf4j/2.17.2/log4j-to-slf4j-2.17.2.jar:/home/mzcadm/.m2/repository/org/apache/logging/log4j/log4j-api/2.17.2/log4j-api-2.17.2.jar:/home/mzcadm/.m2/repository/org/slf4j/jul-to-slf4j/1.7.36/jul-to-slf4j-1.7.36.jar:/home/mzcadm/.m2/repository/jakarta/annotation/jakarta.annotation-api/1.3.5/jakarta.annotation-api-1.3.5.jar:/home/mzcadm/.m2/repository/org/springframework/spring-core/5.3.20/spring-core-5.3.20.jar:/home/mzcadm/.m2/repository/org/springframework/spring-jcl/5.3.20/spring-jcl-5.3.20.jar:/home/mzcadm/.m2/repository/org/yaml/snakeyaml/1.30/snakeyaml-1.30.jar:/home/mzcadm/.m2/repository/software/amazon/awssdk/s3/2.17.76/s3-2.17.76.jar:/home/mzcadm/.m2/repository/software/amazon/awssdk/aws-xml-protocol/2.17.76/aws-xml-protocol-2.17.76.jar:/home/mzcadm/.m2/repository/software/amazon/awssdk/protocol-core/2.17.76/protocol-core-2.17.76.jar:/home/mzcadm/.m2/repository/software/amazon/awssdk/arns/2.17.76/arns-2.17.76.jar:/home/mzcadm/.m2/repository/software/amazon/awssdk/profiles/2.17.76/profiles-2.17.76.jar:/home/mzcadm/.m2/repository/software/amazon/awssdk/sdk-core/2.17.76/sdk-core-2.17.76.jar:/home/mzcadm/.m2/repository/org/slf4j/slf4j-api/1.7.30/slf4j-api-1.7.30.jar:/home/mzcadm/.m2/repository/org/reactivestreams/reactive-streams/1.0.3/reactive-streams-1.0.3.jar:/home/mzcadm/.m2/repository/software/amazon/awssdk/auth/2.17.76/auth-2.17.76.jar:/home/mzcadm/.m2/repository/software/amazon/awssdk/json-utils/2.17.76/json-utils-2.17.76.jar:/home/mzcadm/.m2/repository/software/amazon/awssdk/third-party-jackson-core/2.17.76/third-party-jackson-core-2.17.76.jar:/home/mzcadm/.m2/repository/software/amazon/eventstream/eventstream/1.0.1/eventstream-1.0.1.jar:/home/mzcadm/.m2/repository/software/amazon/awssdk/http-client-spi/2.17.76/http-client-spi-2.17.76.jar:/home/mzcadm/.m2/repository/software/amazon/awssdk/regions/2.17.76/regions-2.17.76.jar:/home/mzcadm/.m2/repository/software/amazon/awssdk/annotations/2.17.76/annotations-2.17.76.jar:/home/mzcadm/.m2/repository/software/amazon/awssdk/utils/2.17.76/utils-2.17.76.jar:/home/mzcadm/.m2/repository/software/amazon/awssdk/aws-core/2.17.76/aws-core-2.17.76.jar:/home/mzcadm/.m2/repository/software/amazon/awssdk/metrics-spi/2.17.76/metrics-spi-2.17.76.jar:/home/mzcadm/.m2/repository/software/amazon/awssdk/apache-client/2.17.76/apache-client-2.17.76.jar:/home/mzcadm/.m2/repository/org/apache/httpcomponents/httpclient/4.5.13/httpclient-4.5.13.jar:/home/mzcadm/.m2/repository/commons-logging/commons-logging/1.2/commons-logging-1.2.jar:/home/mzcadm/.m2/repository/commons-codec/commons-codec/1.11/commons-codec-1.11.jar:/home/mzcadm/.m2/repository/org/apache/httpcomponents/httpcore/4.4.11/httpcore-4.4.11.jar:/home/mzcadm/.m2/repository/software/amazon/awssdk/netty-nio-client/2.17.76/netty-nio-client-2.17.76.jar:/home/mzcadm/.m2/repository/io/netty/netty-codec-http/4.1.68.Final/netty-codec-http-4.1.68.Final.jar:/home/mzcadm/.m2/repository/io/netty/netty-codec-http2/4.1.68.Final/netty-codec-http2-4.1.68.Final.jar:/home/mzcadm/.m2/repository/io/netty/netty-codec/4.1.68.Final/netty-codec-4.1.68.Final.jar:/home/mzcadm/.m2/repository/io/netty/netty-transport/4.1.68.Final/netty-transport-4.1.68.Final.jar:/home/mzcadm/.m2/repository/io/netty/netty-resolver/4.1.68.Final/netty-resolver-4.1.68.Final.jar:/home/mzcadm/.m2/repository/io/netty/netty-common/4.1.68.Final/netty-common-4.1.68.Final.jar:/home/mzcadm/.m2/repository/io/netty/netty-buffer/4.1.68.Final/netty-buffer-4.1.68.Final.jar:/home/mzcadm/.m2/repository/io/netty/netty-handler/4.1.68.Final/netty-handler-4.1.68.Final.jar:/home/mzcadm/.m2/repository/io/netty/netty-transport-native-epoll/4.1.68.Final/netty-transport-native-epoll-4.1.68.Final-linux-x86_64.jar:/home/mzcadm/.m2/repository/io/netty/netty-transport-native-unix-common/4.1.68.Final/netty-transport-native-unix-common-4.1.68.Final.jar:/home/mzcadm/.m2/repository/com/typesafe/netty/netty-reactive-streams-http/2.0.5/netty-reactive-streams-http-2.0.5.jar:/home/mzcadm/.m2/repository/com/typesafe/netty/netty-reactive-streams/2.0.5/netty-reactive-streams-2.0.5.jar:/home/mzcadm/.m2/repository/software/amazon/awssdk/sts/2.17.76/sts-2.17.76.jar:/home/mzcadm/.m2/repository/software/amazon/awssdk/aws-query-protocol/2.17.76/aws-query-protocol-2.17.76.jar:/home/mzcadm/.m2/repository/org/junit/jupiter/junit-jupiter-api/5.8.1/junit-jupiter-api-5.8.1.jar:/home/mzcadm/.m2/repository/org/opentest4j/opentest4j/1.2.0/opentest4j-1.2.0.jar:/home/mzcadm/.m2/repository/org/junit/platform/junit-platform-commons/1.8.1/junit-platform-commons-1.8.1.jar:/home/mzcadm/.m2/repository/org/apiguardian/apiguardian-api/1.1.2/apiguardian-api-1.1.2.jar:/home/mzcadm/.m2/repository/org/springframework/boot/spring-boot-autoconfigure/2.7.0/spring-boot-autoconfigure-2.7.0.jar:"/>
    <property name="java.vm.vendor" value="Red Hat, Inc."/>
    <property name="sun.arch.data.model" value="64"/>
    <property name="java.vendor.url" value="https://www.redhat.com/"/>
    <property name="user.timezone" value=""/>
    <property name="java.vm.specification.version" value="11"/>
    <property name="os.name" value="Linux"/>
    <property name="sun.java.launcher" value="SUN_STANDARD"/>
    <property name="user.country" value="US"/>
    <property name="sun.boot.library.path" value="/usr/lib/jvm/java-11-openjdk-11.0.20.0.8-1.amzn2.0.1.x86_64/lib"/>
    <property name="sun.java.command" value="/home/mzcadm/s3-access-app/target/surefire/surefirebooter-20231012182932408_3.jar /home/mzcadm/s3-access-app/target/surefire 2023-10-12T18-29-32_245-jvmRun1 surefire-20231012182932408_1tmp surefire_0-20231012182932408_2tmp"/>
    <property name="jdk.debug" value="release"/>
    <property name="surefire.test.class.path" value="/home/mzcadm/s3-access-app/target/test-classes:/home/mzcadm/s3-access-app/target/classes:/home/mzcadm/.m2/repository/org/springframework/boot/spring-boot-starter/2.7.0/spring-boot-starter-2.7.0.jar:/home/mzcadm/.m2/repository/org/springframework/boot/spring-boot/2.7.0/spring-boot-2.7.0.jar:/home/mzcadm/.m2/repository/org/springframework/spring-context/5.3.20/spring-context-5.3.20.jar:/home/mzcadm/.m2/repository/org/springframework/spring-aop/5.3.20/spring-aop-5.3.20.jar:/home/mzcadm/.m2/repository/org/springframework/spring-beans/5.3.20/spring-beans-5.3.20.jar:/home/mzcadm/.m2/repository/org/springframework/spring-expression/5.3.20/spring-expression-5.3.20.jar:/home/mzcadm/.m2/repository/org/springframework/boot/spring-boot-starter-logging/2.7.0/spring-boot-starter-logging-2.7.0.jar:/home/mzcadm/.m2/repository/ch/qos/logback/logback-classic/1.2.11/logback-classic-1.2.11.jar:/home/mzcadm/.m2/repository/ch/qos/logback/logback-core/1.2.11/logback-core-1.2.11.jar:/home/mzcadm/.m2/repository/org/apache/logging/log4j/log4j-to-slf4j/2.17.2/log4j-to-slf4j-2.17.2.jar:/home/mzcadm/.m2/repository/org/apache/logging/log4j/log4j-api/2.17.2/log4j-api-2.17.2.jar:/home/mzcadm/.m2/repository/org/slf4j/jul-to-slf4j/1.7.36/jul-to-slf4j-1.7.36.jar:/home/mzcadm/.m2/repository/jakarta/annotation/jakarta.annotation-api/1.3.5/jakarta.annotation-api-1.3.5.jar:/home/mzcadm/.m2/repository/org/springframework/spring-core/5.3.20/spring-core-5.3.20.jar:/home/mzcadm/.m2/repository/org/springframework/spring-jcl/5.3.20/spring-jcl-5.3.20.jar:/home/mzcadm/.m2/repository/org/yaml/snakeyaml/1.30/snakeyaml-1.30.jar:/home/mzcadm/.m2/repository/software/amazon/awssdk/s3/2.17.76/s3-2.17.76.jar:/home/mzcadm/.m2/repository/software/amazon/awssdk/aws-xml-protocol/2.17.76/aws-xml-protocol-2.17.76.jar:/home/mzcadm/.m2/repository/software/amazon/awssdk/protocol-core/2.17.76/protocol-core-2.17.76.jar:/home/mzcadm/.m2/repository/software/amazon/awssdk/arns/2.17.76/arns-2.17.76.jar:/home/mzcadm/.m2/repository/software/amazon/awssdk/profiles/2.17.76/profiles-2.17.76.jar:/home/mzcadm/.m2/repository/software/amazon/awssdk/sdk-core/2.17.76/sdk-core-2.17.76.jar:/home/mzcadm/.m2/repository/org/slf4j/slf4j-api/1.7.30/slf4j-api-1.7.30.jar:/home/mzcadm/.m2/repository/org/reactivestreams/reactive-streams/1.0.3/reactive-streams-1.0.3.jar:/home/mzcadm/.m2/repository/software/amazon/awssdk/auth/2.17.76/auth-2.17.76.jar:/home/mzcadm/.m2/repository/software/amazon/awssdk/json-utils/2.17.76/json-utils-2.17.76.jar:/home/mzcadm/.m2/repository/software/amazon/awssdk/third-party-jackson-core/2.17.76/third-party-jackson-core-2.17.76.jar:/home/mzcadm/.m2/repository/software/amazon/eventstream/eventstream/1.0.1/eventstream-1.0.1.jar:/home/mzcadm/.m2/repository/software/amazon/awssdk/http-client-spi/2.17.76/http-client-spi-2.17.76.jar:/home/mzcadm/.m2/repository/software/amazon/awssdk/regions/2.17.76/regions-2.17.76.jar:/home/mzcadm/.m2/repository/software/amazon/awssdk/annotations/2.17.76/annotations-2.17.76.jar:/home/mzcadm/.m2/repository/software/amazon/awssdk/utils/2.17.76/utils-2.17.76.jar:/home/mzcadm/.m2/repository/software/amazon/awssdk/aws-core/2.17.76/aws-core-2.17.76.jar:/home/mzcadm/.m2/repository/software/amazon/awssdk/metrics-spi/2.17.76/metrics-spi-2.17.76.jar:/home/mzcadm/.m2/repository/software/amazon/awssdk/apache-client/2.17.76/apache-client-2.17.76.jar:/home/mzcadm/.m2/repository/org/apache/httpcomponents/httpclient/4.5.13/httpclient-4.5.13.jar:/home/mzcadm/.m2/repository/commons-logging/commons-logging/1.2/commons-logging-1.2.jar:/home/mzcadm/.m2/repository/commons-codec/commons-codec/1.11/commons-codec-1.11.jar:/home/mzcadm/.m2/repository/org/apache/httpcomponents/httpcore/4.4.11/httpcore-4.4.11.jar:/home/mzcadm/.m2/repository/software/amazon/awssdk/netty-nio-client/2.17.76/netty-nio-client-2.17.76.jar:/home/mzcadm/.m2/repository/io/netty/netty-codec-http/4.1.68.Final/netty-codec-http-4.1.68.Final.jar:/home/mzcadm/.m2/repository/io/netty/netty-codec-http2/4.1.68.Final/netty-codec-http2-4.1.68.Final.jar:/home/mzcadm/.m2/repository/io/netty/netty-codec/4.1.68.Final/netty-codec-4.1.68.Final.jar:/home/mzcadm/.m2/repository/io/netty/netty-transport/4.1.68.Final/netty-transport-4.1.68.Final.jar:/home/mzcadm/.m2/repository/io/netty/netty-resolver/4.1.68.Final/netty-resolver-4.1.68.Final.jar:/home/mzcadm/.m2/repository/io/netty/netty-common/4.1.68.Final/netty-common-4.1.68.Final.jar:/home/mzcadm/.m2/repository/io/netty/netty-buffer/4.1.68.Final/netty-buffer-4.1.68.Final.jar:/home/mzcadm/.m2/repository/io/netty/netty-handler/4.1.68.Final/netty-handler-4.1.68.Final.jar:/home/mzcadm/.m2/repository/io/netty/netty-transport-native-epoll/4.1.68.Final/netty-transport-native-epoll-4.1.68.Final-linux-x86_64.jar:/home/mzcadm/.m2/repository/io/netty/netty-transport-native-unix-common/4.1.68.Final/netty-transport-native-unix-common-4.1.68.Final.jar:/home/mzcadm/.m2/repository/com/typesafe/netty/netty-reactive-streams-http/2.0.5/netty-reactive-streams-http-2.0.5.jar:/home/mzcadm/.m2/repository/com/typesafe/netty/netty-reactive-streams/2.0.5/netty-reactive-streams-2.0.5.jar:/home/mzcadm/.m2/repository/software/amazon/awssdk/sts/2.17.76/sts-2.17.76.jar:/home/mzcadm/.m2/repository/software/amazon/awssdk/aws-query-protocol/2.17.76/aws-query-protocol-2.17.76.jar:/home/mzcadm/.m2/repository/org/junit/jupiter/junit-jupiter-api/5.8.1/junit-jupiter-api-5.8.1.jar:/home/mzcadm/.m2/repository/org/opentest4j/opentest4j/1.2.0/opentest4j-1.2.0.jar:/home/mzcadm/.m2/repository/org/junit/platform/junit-platform-commons/1.8.1/junit-platform-commons-1.8.1.jar:/home/mzcadm/.m2/repository/org/apiguardian/apiguardian-api/1.1.2/apiguardian-api-1.1.2.jar:/home/mzcadm/.m2/repository/org/springframework/boot/spring-boot-autoconfigure/2.7.0/spring-boot-autoconfigure-2.7.0.jar:"/>
    <property name="sun.cpu.endian" value="little"/>
    <property name="user.home" value="/home/mzcadm"/>
    <property name="user.language" value="en"/>
    <property name="java.specification.vendor" value="Oracle Corporation"/>
    <property name="java.version.date" value="2023-07-18"/>
    <property name="java.home" value="/usr/lib/jvm/java-11-openjdk-11.0.20.0.8-1.amzn2.0.1.x86_64"/>
    <property name="file.separator" value="/"/>
    <property name="basedir" value="/home/mzcadm/s3-access-app"/>
    <property name="java.vm.compressedOopsMode" value="32-bit"/>
    <property name="line.separator" value="&#10;"/>
    <property name="java.specification.name" value="Java Platform API Specification"/>
    <property name="java.vm.specification.vendor" value="Oracle Corporation"/>
    <property name="java.awt.graphicsenv" value="sun.awt.X11GraphicsEnvironment"/>
    <property name="surefire.real.class.path" value="/home/mzcadm/s3-access-app/target/surefire/surefirebooter-20231012182932408_3.jar"/>
    <property name="sun.management.compiler" value="HotSpot 64-Bit Tiered Compilers"/>
    <property name="java.runtime.version" value="11.0.20+8-LTS"/>
    <property name="user.name" value="mzcadm"/>
    <property name="path.separator" value=":"/>
    <property name="os.version" value="5.10.186-179.751.amzn2.x86_64"/>
    <property name="java.runtime.name" value="OpenJDK Runtime Environment"/>
    <property name="file.encoding" value="UTF-8"/>
    <property name="java.vm.name" value="OpenJDK 64-Bit Server VM"/>
    <property name="java.vendor.version" value="(Red_Hat-11.0.20.0.8-1.amzn2.0.1)"/>
    <property name="localRepository" value="/home/mzcadm/.m2/repository"/>
    <property name="java.vendor.url.bug" value="https://repost.aws/"/>
    <property name="java.io.tmpdir" value="/tmp"/>
    <property name="java.version" value="11.0.20"/>
    <property name="user.dir" value="/home/mzcadm/s3-access-app"/>
    <property name="os.arch" value="amd64"/>
    <property name="java.vm.specification.name" value="Java Virtual Machine Specification"/>
    <property name="java.awt.printerjob" value="sun.print.PSPrinterJob"/>
    <property name="sun.os.patch.level" value="unknown"/>
    <property name="java.library.path" value="/usr/java/packages/lib:/usr/lib64:/lib64:/lib:/usr/lib"/>
    <property name="java.vm.info" value="mixed mode, sharing"/>
    <property name="java.vendor" value="Red Hat, Inc."/>
    <property name="java.vm.version" value="11.0.20+8-LTS"/>
    <property name="java.specification.maintenance.version" value="2"/>
    <property name="sun.io.unicode.encoding" value="UnicodeLittle"/>
    <property name="java.class.version" value="55.0"/>
  </properties>
  <testcase name="testApp" classname="com.example.AppTest" time="0.066"/>
</testsuite>